<?xml version="1.0" encoding="UTF-8"?>
<testsuite name="kr.funch.game.PlayTest" tests="1" skipped="0" failures="0" errors="0" timestamp="2020-12-13T08:52:03" hostname="funchui-MacBook-Pro.local" time="0.001">
  <properties/>
  <testcase name="popMainCard" classname="kr.funch.game.PlayTest" time="0.001"/>
  <system-out><![CDATA[]]></system-out>
  <system-err><![CDATA[]]></system-err>
</testsuite>
